2023-02-23 18:10:27,768 - root - INFO - Epoch 0; loss: 338.612060546875; CER: 1.0394296646118164; WER: 1.0371888875961304; val_loss: 232.56027221679688; val_CER: 0.9525362849235535; val_WER: 1.0
2023-02-23 19:23:37,099 - root - INFO - Epoch 0; loss: 175.81117248535156; CER: 0.9575508236885071; WER: 1.0404940843582153; val_loss: 137.0406494140625; val_CER: 1.0; val_WER: 1.0
2023-02-23 19:45:12,296 - root - INFO - Epoch 1; loss: 138.94004821777344; CER: 1.0; WER: 1.0; val_loss: 137.02256774902344; val_CER: 1.0; val_WER: 1.0
2023-02-23 19:45:14,889 - tf2onnx.tfonnx - INFO - Using tensorflow=2.10.1, onnx=1.12.0, tf2onnx=1.13.0/2c1db5
2023-02-23 19:45:14,889 - tf2onnx.tfonnx - INFO - Using opset <onnx, 13>
2023-02-23 19:45:15,078 - tf2onnx.tf_utils - INFO - Computed 0 values for constant folding
2023-02-23 19:45:15,093 - tf2onnx.tf_utils - INFO - Computed 0 values for constant folding
2023-02-23 19:45:15,096 - tf2onnx.tf_utils - INFO - Computed 0 values for constant folding
2023-02-23 19:45:15,099 - tf2onnx.tf_utils - INFO - Computed 0 values for constant folding
2023-02-23 19:45:15,104 - tf2onnx.tf_utils - INFO - Computed 0 values for constant folding
2023-02-23 19:45:15,111 - tf2onnx.tf_utils - INFO - Computed 0 values for constant folding
2023-02-23 19:45:15,117 - tf2onnx.tf_utils - INFO - Computed 0 values for constant folding
2023-02-23 19:45:15,124 - tf2onnx.tf_utils - INFO - Computed 0 values for constant folding
2023-02-23 19:45:15,205 - tf2onnx.tf_utils - INFO - Computed 2 values for constant folding
2023-02-23 19:45:15,343 - tf2onnx.tfonnx - INFO - folding node using tf type=StridedSlice, name=model/bidirectional/forward_lstm/PartitionedCall/strided_slice
2023-02-23 19:45:15,344 - tf2onnx.tfonnx - INFO - folding node using tf type=StridedSlice, name=model/bidirectional/backward_lstm/PartitionedCall/strided_slice
2023-02-23 19:45:15,618 - tf2onnx.optimizer - INFO - Optimizing ONNX model
2023-02-23 19:45:16,665 - tf2onnx.optimizer - INFO - After optimization: BatchNormalization -18 (18->0), Cast -8 (17->9), Concat -8 (17->9), Const -173 (243->70), Expand -6 (8->2), Gather +3 (2->5), Identity -2 (2->0), Shape -2 (6->4), Slice -2 (9->7), Squeeze -5 (9->4), Transpose -86 (90->4), Unsqueeze -25 (29->4)
2023-02-23 20:09:23,856 - root - INFO - Epoch 0; loss: 138.4154510498047; CER: 0.9999744296073914; WER: 1.0; val_loss: 138.20750427246094; val_CER: 1.0; val_WER: 1.0
2023-02-23 20:30:48,747 - root - INFO - Epoch 1; loss: 137.5013427734375; CER: 0.997262179851532; WER: 0.9986683130264282; val_loss: 136.55604553222656; val_CER: 0.9939419031143188; val_WER: 1.0
2023-02-23 20:30:51,069 - tf2onnx.tfonnx - INFO - Using tensorflow=2.10.1, onnx=1.12.0, tf2onnx=1.13.0/2c1db5
2023-02-23 20:30:51,069 - tf2onnx.tfonnx - INFO - Using opset <onnx, 13>
2023-02-23 20:30:51,239 - tf2onnx.tf_utils - INFO - Computed 0 values for constant folding
2023-02-23 20:30:51,246 - tf2onnx.tf_utils - INFO - Computed 0 values for constant folding
2023-02-23 20:30:51,254 - tf2onnx.tf_utils - INFO - Computed 0 values for constant folding
2023-02-23 20:30:51,259 - tf2onnx.tf_utils - INFO - Computed 0 values for constant folding
2023-02-23 20:30:51,262 - tf2onnx.tf_utils - INFO - Computed 0 values for constant folding
2023-02-23 20:30:51,267 - tf2onnx.tf_utils - INFO - Computed 0 values for constant folding
2023-02-23 20:30:51,271 - tf2onnx.tf_utils - INFO - Computed 0 values for constant folding
2023-02-23 20:30:51,273 - tf2onnx.tf_utils - INFO - Computed 0 values for constant folding
2023-02-23 20:30:51,326 - tf2onnx.tf_utils - INFO - Computed 2 values for constant folding
2023-02-23 20:30:51,446 - tf2onnx.tfonnx - INFO - folding node using tf type=StridedSlice, name=model/bidirectional/forward_lstm/PartitionedCall/strided_slice
2023-02-23 20:30:51,446 - tf2onnx.tfonnx - INFO - folding node using tf type=StridedSlice, name=model/bidirectional/backward_lstm/PartitionedCall/strided_slice
2023-02-23 20:30:51,684 - tf2onnx.optimizer - INFO - Optimizing ONNX model
2023-02-23 20:30:52,738 - tf2onnx.optimizer - INFO - After optimization: BatchNormalization -18 (18->0), Cast -8 (17->9), Concat -8 (17->9), Const -173 (243->70), Expand -6 (8->2), Gather +3 (2->5), Identity -2 (2->0), Shape -2 (6->4), Slice -2 (9->7), Squeeze -5 (9->4), Transpose -86 (90->4), Unsqueeze -25 (29->4)
2023-02-23 20:59:32,942 - root - INFO - Epoch 0; loss: 136.16973876953125; CER: 0.9804283976554871; WER: 0.9884842038154602; val_loss: 137.29652404785156; val_CER: 0.9736267924308777; val_WER: 0.9834071397781372
2023-02-23 21:24:34,449 - root - INFO - Epoch 1; loss: 134.85211181640625; CER: 0.9701910614967346; WER: 0.9826109409332275; val_loss: 133.777587890625; val_CER: 0.9556945562362671; val_WER: 0.9806978106498718
2023-02-23 21:53:10,903 - root - INFO - Epoch 2; loss: 133.56776428222656; CER: 0.9565942287445068; WER: 0.9762498736381531; val_loss: 134.3423309326172; val_CER: 0.9512350559234619; val_WER: 0.9750179648399353
2023-02-23 22:15:02,064 - root - INFO - Epoch 3; loss: 118.11738586425781; CER: 0.7935101389884949; WER: 0.9953871965408325; val_loss: 151.66111755371094; val_CER: 0.9698582887649536; val_WER: 1.0
2023-02-23 22:36:04,085 - root - INFO - Epoch 4; loss: 103.28780364990234; CER: 0.6883279085159302; WER: 0.9458228945732117; val_loss: 99.72322845458984; val_CER: 0.6378732323646545; val_WER: 0.9141178727149963
2023-02-23 22:57:46,423 - root - INFO - Epoch 5; loss: 95.00918579101562; CER: 0.6244447231292725; WER: 0.9006150960922241; val_loss: 99.46002197265625; val_CER: 0.59648597240448; val_WER: 0.919503390789032
2023-02-23 23:19:37,465 - root - INFO - Epoch 6; loss: 82.2103042602539; CER: 0.5340776443481445; WER: 0.8511480689048767; val_loss: 93.79447937011719; val_CER: 0.6037123203277588; val_WER: 0.9155570864677429
2023-02-23 23:41:39,514 - root - INFO - Epoch 7; loss: 69.22317504882812; CER: 0.4512420892715454; WER: 0.7986101508140564; val_loss: 69.49898529052734; val_CER: 0.44337499141693115; val_WER: 0.8279598951339722
2023-02-24 00:03:32,005 - root - INFO - Epoch 8; loss: 59.72028732299805; CER: 0.3923742175102234; WER: 0.7530391812324524; val_loss: 55.8720588684082; val_CER: 0.35186848044395447; val_WER: 0.713832437992096
2023-02-24 00:25:16,827 - root - INFO - Epoch 9; loss: 51.35065460205078; CER: 0.33608245849609375; WER: 0.7049418687820435; val_loss: 59.52019500732422; val_CER: 0.3843236267566681; val_WER: 0.7856467962265015
2023-02-24 00:25:19,593 - tf2onnx.tfonnx - INFO - Using tensorflow=2.10.1, onnx=1.12.0, tf2onnx=1.13.0/2c1db5
2023-02-24 00:25:19,593 - tf2onnx.tfonnx - INFO - Using opset <onnx, 13>
2023-02-24 00:25:19,780 - tf2onnx.tf_utils - INFO - Computed 0 values for constant folding
2023-02-24 00:25:19,790 - tf2onnx.tf_utils - INFO - Computed 0 values for constant folding
2023-02-24 00:25:19,793 - tf2onnx.tf_utils - INFO - Computed 0 values for constant folding
2023-02-24 00:25:19,798 - tf2onnx.tf_utils - INFO - Computed 0 values for constant folding
2023-02-24 00:25:19,800 - tf2onnx.tf_utils - INFO - Computed 0 values for constant folding
2023-02-24 00:25:19,809 - tf2onnx.tf_utils - INFO - Computed 0 values for constant folding
2023-02-24 00:25:19,814 - tf2onnx.tf_utils - INFO - Computed 0 values for constant folding
2023-02-24 00:25:19,817 - tf2onnx.tf_utils - INFO - Computed 0 values for constant folding
2023-02-24 00:25:19,886 - tf2onnx.tf_utils - INFO - Computed 2 values for constant folding
2023-02-24 00:25:20,006 - tf2onnx.tfonnx - INFO - folding node using tf type=StridedSlice, name=model/bidirectional/forward_lstm/PartitionedCall/strided_slice
2023-02-24 00:25:20,007 - tf2onnx.tfonnx - INFO - folding node using tf type=StridedSlice, name=model/bidirectional/backward_lstm/PartitionedCall/strided_slice
2023-02-24 00:25:20,278 - tf2onnx.optimizer - INFO - Optimizing ONNX model
2023-02-24 00:25:21,559 - tf2onnx.optimizer - INFO - After optimization: BatchNormalization -18 (18->0), Cast -8 (17->9), Concat -8 (17->9), Const -173 (243->70), Expand -6 (8->2), Gather +3 (2->5), Identity -2 (2->0), Shape -2 (6->4), Slice -2 (9->7), Squeeze -5 (9->4), Transpose -86 (90->4), Unsqueeze -25 (29->4)
2023-02-24 03:38:03,414 - root - INFO - Epoch 0; loss: 45.01372146606445; CER: 0.293817937374115; WER: 0.6564645767211914; val_loss: 41.33335494995117; val_CER: 0.2692474126815796; val_WER: 0.6003627777099609
2023-02-24 04:02:54,392 - root - INFO - Epoch 1; loss: 39.820167541503906; CER: 0.2595527470111847; WER: 0.6203683614730835; val_loss: 34.96824645996094; val_CER: 0.22854691743850708; val_WER: 0.5456928610801697
2023-02-24 04:28:19,421 - root - INFO - Epoch 2; loss: 36.36518478393555; CER: 0.2401050329208374; WER: 0.5892655253410339; val_loss: 31.19391441345215; val_CER: 0.20681458711624146; val_WER: 0.5156245827674866
2023-02-24 04:53:58,045 - root - INFO - Epoch 3; loss: 33.3738899230957; CER: 0.2198125720024109; WER: 0.5545658469200134; val_loss: 28.936941146850586; val_CER: 0.1960410326719284; val_WER: 0.4987128973007202
2023-02-24 05:19:40,525 - root - INFO - Epoch 4; loss: 30.16708755493164; CER: 0.19943837821483612; WER: 0.520070493221283; val_loss: 25.263717651367188; val_CER: 0.17279759049415588; val_WER: 0.4568232595920563
2023-02-24 05:45:40,208 - root - INFO - Epoch 5; loss: 27.614538192749023; CER: 0.1853899508714676; WER: 0.49282827973365784; val_loss: 25.690698623657227; val_CER: 0.17222680151462555; val_WER: 0.45160582661628723
2023-02-24 06:11:44,595 - root - INFO - Epoch 6; loss: 25.947662353515625; CER: 0.1744639128446579; WER: 0.47260889410972595; val_loss: 22.857345581054688; val_CER: 0.15606509149074554; val_WER: 0.4153422713279724
2023-02-24 06:37:56,550 - root - INFO - Epoch 7; loss: 23.842971801757812; CER: 0.1601736694574356; WER: 0.4516061544418335; val_loss: 21.081254959106445; val_CER: 0.14112858474254608; val_WER: 0.3851822316646576
2023-02-24 07:04:09,070 - root - INFO - Epoch 8; loss: 22.117231369018555; CER: 0.14874909818172455; WER: 0.42827460169792175; val_loss: 21.43254852294922; val_CER: 0.14689220488071442; val_WER: 0.39657869935035706
2023-02-24 07:30:17,721 - root - INFO - Epoch 9; loss: 20.73984146118164; CER: 0.13907796144485474; WER: 0.4084838926792145; val_loss: 20.715370178222656; val_CER: 0.1395244151353836; val_WER: 0.37505918741226196
2023-02-24 07:56:49,503 - root - INFO - Epoch 10; loss: 19.30923080444336; CER: 0.1299922913312912; WER: 0.3895525634288788; val_loss: 19.177358627319336; val_CER: 0.12822237610816956; val_WER: 0.3530856668949127
2023-02-24 08:23:06,609 - root - INFO - Epoch 11; loss: 18.342864990234375; CER: 0.12354691326618195; WER: 0.3736833333969116; val_loss: 19.220542907714844; val_CER: 0.12802578508853912; val_WER: 0.35281506180763245
2023-02-24 08:49:04,425 - root - INFO - Epoch 12; loss: 16.943803787231445; CER: 0.11507899314165115; WER: 0.36048421263694763; val_loss: 17.853059768676758; val_CER: 0.12168852239847183; val_WER: 0.34460628032684326
2023-02-24 09:15:26,005 - root - INFO - Epoch 13; loss: 15.931626319885254; CER: 0.10827616602182388; WER: 0.3417995274066925; val_loss: 25.33538055419922; val_CER: 0.1622086614370346; val_WER: 0.42899563908576965
2023-02-24 09:41:22,255 - root - INFO - Epoch 14; loss: 15.106539726257324; CER: 0.10437478125095367; WER: 0.33180543780326843; val_loss: 16.082332611083984; val_CER: 0.10720356553792953; val_WER: 0.31631946563720703
2023-02-24 10:09:33,927 - root - INFO - Epoch 15; loss: 14.51462459564209; CER: 0.09973011910915375; WER: 0.3234475553035736; val_loss: 16.076332092285156; val_CER: 0.1058107540011406; val_WER: 0.30560988187789917
2023-02-24 10:35:34,496 - root - INFO - Epoch 16; loss: 13.157011985778809; CER: 0.09024783968925476; WER: 0.29945096373558044; val_loss: 16.263166427612305; val_CER: 0.1078847125172615; val_WER: 0.30468058586120605
2023-02-24 11:01:37,006 - root - INFO - Epoch 17; loss: 12.429582595825195; CER: 0.08581408858299255; WER: 0.2885420322418213; val_loss: 15.028990745544434; val_CER: 0.09819869697093964; val_WER: 0.2806709110736847
2023-02-24 11:27:46,246 - root - INFO - Epoch 18; loss: 11.641648292541504; CER: 0.0789179876446724; WER: 0.27263981103897095; val_loss: 16.07284164428711; val_CER: 0.10213886201381683; val_WER: 0.2921391725540161
2023-02-24 11:53:39,480 - root - INFO - Epoch 19; loss: 11.287531852722168; CER: 0.07863214612007141; WER: 0.2726576030254364; val_loss: 14.473817825317383; val_CER: 0.09614881873130798; val_WER: 0.27943480014801025
2023-02-24 12:19:37,486 - root - INFO - Epoch 20; loss: 10.674259185791016; CER: 0.07420679181814194; WER: 0.2579036056995392; val_loss: 15.116869926452637; val_CER: 0.09483280032873154; val_WER: 0.27831730246543884
2023-02-24 12:45:29,322 - root - INFO - Epoch 21; loss: 10.051766395568848; CER: 0.07163387537002563; WER: 0.2515115737915039; val_loss: 14.666146278381348; val_CER: 0.09382955729961395; val_WER: 0.2776144742965698
2023-02-24 13:11:35,217 - root - INFO - Epoch 22; loss: 10.244278907775879; CER: 0.07371090352535248; WER: 0.25680041313171387; val_loss: 14.835498809814453; val_CER: 0.09229034185409546; val_WER: 0.26895684003829956
2023-02-24 13:37:27,304 - root - INFO - Epoch 23; loss: 9.626241683959961; CER: 0.0714072659611702; WER: 0.24239888787269592; val_loss: 13.315681457519531; val_CER: 0.08378256112337112; val_WER: 0.25152450799942017
2023-02-24 14:03:23,426 - root - INFO - Epoch 24; loss: 9.2291259765625; CER: 0.06520331650972366; WER: 0.23177574574947357; val_loss: 233.0865478515625; val_CER: 0.7708544135093689; val_WER: 0.9980770945549011
2023-02-24 14:03:26,184 - tf2onnx.tfonnx - INFO - Using tensorflow=2.10.1, onnx=1.12.0, tf2onnx=1.13.0/2c1db5
2023-02-24 14:03:26,185 - tf2onnx.tfonnx - INFO - Using opset <onnx, 13>
2023-02-24 14:03:26,374 - tf2onnx.tf_utils - INFO - Computed 0 values for constant folding
2023-02-24 14:03:26,378 - tf2onnx.tf_utils - INFO - Computed 0 values for constant folding
2023-02-24 14:03:26,386 - tf2onnx.tf_utils - INFO - Computed 0 values for constant folding
2023-02-24 14:03:26,393 - tf2onnx.tf_utils - INFO - Computed 0 values for constant folding
2023-02-24 14:03:26,397 - tf2onnx.tf_utils - INFO - Computed 0 values for constant folding
2023-02-24 14:03:26,405 - tf2onnx.tf_utils - INFO - Computed 0 values for constant folding
2023-02-24 14:03:26,409 - tf2onnx.tf_utils - INFO - Computed 0 values for constant folding
2023-02-24 14:03:26,416 - tf2onnx.tf_utils - INFO - Computed 0 values for constant folding
2023-02-24 14:03:26,481 - tf2onnx.tf_utils - INFO - Computed 2 values for constant folding
2023-02-24 14:03:26,609 - tf2onnx.tfonnx - INFO - folding node using tf type=StridedSlice, name=model/bidirectional/forward_lstm/PartitionedCall/strided_slice
2023-02-24 14:03:26,610 - tf2onnx.tfonnx - INFO - folding node using tf type=StridedSlice, name=model/bidirectional/backward_lstm/PartitionedCall/strided_slice
2023-02-24 14:03:26,850 - tf2onnx.optimizer - INFO - Optimizing ONNX model
2023-02-24 14:03:27,596 - tf2onnx.optimizer - INFO - After optimization: BatchNormalization -18 (18->0), Cast -8 (17->9), Concat -8 (17->9), Const -173 (243->70), Expand -6 (8->2), Gather +3 (2->5), Identity -2 (2->0), Shape -2 (6->4), Slice -2 (9->7), Squeeze -5 (9->4), Transpose -86 (90->4), Unsqueeze -25 (29->4)
2023-02-24 16:43:59,163 - root - INFO - Epoch 0; loss: 10.230066299438477; CER: 0.07166911661624908; WER: 0.2479289323091507; val_loss: 6.115918159484863; val_CER: 0.04346669092774391; val_WER: 0.16360852122306824
2023-02-24 17:06:43,524 - root - INFO - Epoch 1; loss: 12.593413352966309; CER: 0.08819928020238876; WER: 0.2895393669605255; val_loss: 14.533086776733398; val_CER: 0.10535280406475067; val_WER: 0.31191733479499817
2023-02-24 17:29:51,996 - root - INFO - Epoch 2; loss: 10.874232292175293; CER: 0.0813266783952713; WER: 0.25560981035232544; val_loss: 6.083761215209961; val_CER: 0.04494049400091171; val_WER: 0.14911390841007233
2023-02-24 17:52:53,707 - root - INFO - Epoch 3; loss: 8.367928504943848; CER: 0.06259200721979141; WER: 0.2139796018600464; val_loss: 12.6034517288208; val_CER: 0.09132140874862671; val_WER: 0.2724660634994507
2023-02-24 18:14:51,893 - root - INFO - Epoch 4; loss: 7.514633655548096; CER: 0.053331077098846436; WER: 0.19744287431240082; val_loss: 5.7189040184021; val_CER: 0.041909728199243546; val_WER: 0.1472194641828537
2023-02-24 18:14:54,243 - tf2onnx.tfonnx - INFO - Using tensorflow=2.10.1, onnx=1.12.0, tf2onnx=1.13.0/2c1db5
2023-02-24 18:14:54,243 - tf2onnx.tfonnx - INFO - Using opset <onnx, 13>
2023-02-24 18:14:54,419 - tf2onnx.tf_utils - INFO - Computed 0 values for constant folding
2023-02-24 18:14:54,426 - tf2onnx.tf_utils - INFO - Computed 0 values for constant folding
2023-02-24 18:14:54,429 - tf2onnx.tf_utils - INFO - Computed 0 values for constant folding
2023-02-24 18:14:54,437 - tf2onnx.tf_utils - INFO - Computed 0 values for constant folding
2023-02-24 18:14:54,442 - tf2onnx.tf_utils - INFO - Computed 0 values for constant folding
2023-02-24 18:14:54,446 - tf2onnx.tf_utils - INFO - Computed 0 values for constant folding
2023-02-24 18:14:54,449 - tf2onnx.tf_utils - INFO - Computed 0 values for constant folding
2023-02-24 18:14:54,455 - tf2onnx.tf_utils - INFO - Computed 0 values for constant folding
2023-02-24 18:14:54,513 - tf2onnx.tf_utils - INFO - Computed 2 values for constant folding
2023-02-24 18:14:54,633 - tf2onnx.tfonnx - INFO - folding node using tf type=StridedSlice, name=model/bidirectional/forward_lstm/PartitionedCall/strided_slice
2023-02-24 18:14:54,634 - tf2onnx.tfonnx - INFO - folding node using tf type=StridedSlice, name=model/bidirectional/backward_lstm/PartitionedCall/strided_slice
2023-02-24 18:14:54,870 - tf2onnx.optimizer - INFO - Optimizing ONNX model
2023-02-24 18:14:55,932 - tf2onnx.optimizer - INFO - After optimization: BatchNormalization -18 (18->0), Cast -8 (17->9), Concat -8 (17->9), Const -173 (243->70), Expand -6 (8->2), Gather +3 (2->5), Identity -2 (2->0), Shape -2 (6->4), Slice -2 (9->7), Squeeze -5 (9->4), Transpose -86 (90->4), Unsqueeze -25 (29->4)
2023-02-28 04:42:32,299 - root - INFO - Epoch 0; loss: 8.760137557983398; CER: 0.06324853003025055; WER: 0.22542741894721985; val_loss: 4.930746555328369; val_CER: 0.03407963737845421; val_WER: 0.12412101030349731
2023-02-28 05:07:57,400 - root - INFO - Epoch 1; loss: 7.8193864822387695; CER: 0.05760866031050682; WER: 0.21013157069683075; val_loss: 4.826958656311035; val_CER: 0.03460705280303955; val_WER: 0.12543152272701263
2023-02-28 05:30:32,210 - root - INFO - Epoch 2; loss: 7.570803165435791; CER: 0.05402963608503342; WER: 0.1997503787279129; val_loss: 16.885889053344727; val_CER: 0.11101304739713669; val_WER: 0.35861867666244507
2023-02-28 05:52:19,650 - root - INFO - Epoch 3; loss: 6.975471496582031; CER: 0.05228807032108307; WER: 0.19400697946548462; val_loss: 4.693140983581543; val_CER: 0.03130243718624115; val_WER: 0.11634310334920883
2023-02-28 06:13:59,174 - root - INFO - Epoch 4; loss: 6.6864519119262695; CER: 0.04973156377673149; WER: 0.1865084320306778; val_loss: 4.820303916931152; val_CER: 0.03567725792527199; val_WER: 0.12527261674404144
2023-02-28 06:14:01,721 - tf2onnx.tfonnx - INFO - Using tensorflow=2.10.1, onnx=1.12.0, tf2onnx=1.13.0/2c1db5
2023-02-28 06:14:01,722 - tf2onnx.tfonnx - INFO - Using opset <onnx, 13>
2023-02-28 06:14:01,902 - tf2onnx.tf_utils - INFO - Computed 0 values for constant folding
2023-02-28 06:14:01,907 - tf2onnx.tf_utils - INFO - Computed 0 values for constant folding
2023-02-28 06:14:01,910 - tf2onnx.tf_utils - INFO - Computed 0 values for constant folding
2023-02-28 06:14:01,917 - tf2onnx.tf_utils - INFO - Computed 0 values for constant folding
2023-02-28 06:14:01,923 - tf2onnx.tf_utils - INFO - Computed 0 values for constant folding
2023-02-28 06:14:01,926 - tf2onnx.tf_utils - INFO - Computed 0 values for constant folding
2023-02-28 06:14:01,933 - tf2onnx.tf_utils - INFO - Computed 0 values for constant folding
2023-02-28 06:14:01,939 - tf2onnx.tf_utils - INFO - Computed 0 values for constant folding
2023-02-28 06:14:02,008 - tf2onnx.tf_utils - INFO - Computed 2 values for constant folding
2023-02-28 06:14:02,120 - tf2onnx.tfonnx - INFO - folding node using tf type=StridedSlice, name=model/bidirectional/forward_lstm/PartitionedCall/strided_slice
2023-02-28 06:14:02,122 - tf2onnx.tfonnx - INFO - folding node using tf type=StridedSlice, name=model/bidirectional/backward_lstm/PartitionedCall/strided_slice
2023-02-28 06:14:02,372 - tf2onnx.optimizer - INFO - Optimizing ONNX model
2023-02-28 06:14:03,557 - tf2onnx.optimizer - INFO - After optimization: BatchNormalization -18 (18->0), Cast -8 (17->9), Concat -8 (17->9), Const -173 (243->70), Expand -6 (8->2), Gather +3 (2->5), Identity -2 (2->0), Shape -2 (6->4), Slice -2 (9->7), Squeeze -5 (9->4), Transpose -86 (90->4), Unsqueeze -25 (29->4)
2023-02-28 09:37:55,470 - root - INFO - Epoch 0; loss: 7.210056781768799; CER: 0.05145871266722679; WER: 0.1933193802833557; val_loss: 234.45948791503906; val_CER: 0.8258461952209473; val_WER: 0.9922360181808472
2023-02-28 09:59:02,427 - root - INFO - Epoch 1; loss: 6.351972579956055; CER: 0.045856889337301254; WER: 0.1737365424633026; val_loss: 3.3795793056488037; val_CER: 0.02732994593679905; val_WER: 0.10184212774038315
2023-02-28 10:20:13,978 - root - INFO - Epoch 2; loss: 5.944381237030029; CER: 0.043121062219142914; WER: 0.16621099412441254; val_loss: 3.6623125076293945; val_CER: 0.028349438682198524; val_WER: 0.10843206197023392
2023-02-28 10:41:28,175 - root - INFO - Epoch 3; loss: 5.624204635620117; CER: 0.041688088327646255; WER: 0.16074644029140472; val_loss: 3.693410634994507; val_CER: 0.027294674888253212; val_WER: 0.09900756925344467
2023-02-28 11:03:03,168 - root - INFO - Epoch 4; loss: 5.47062873840332; CER: 0.04047738015651703; WER: 0.16074858605861664; val_loss: 3.3439958095550537; val_CER: 0.026870273053646088; val_WER: 0.1009511798620224
2023-02-28 11:24:59,141 - root - INFO - Epoch 5; loss: 5.100133419036865; CER: 0.03928539901971817; WER: 0.15147791802883148; val_loss: 4.1716766357421875; val_CER: 0.03475506976246834; val_WER: 0.11818873137235641
