338.612060546875, 1.0394296646118164, 1.0371888875961304, 232.56027221679688, 0.9525362849235535, 1.0
175.81117248535156, 0.9575508236885071, 1.0404940843582153, 137.0406494140625, 1.0, 1.0
138.94004821777344, 1.0, 1.0, 137.02256774902344, 1.0, 1.0
138.4154510498047, 0.9999744296073914, 1.0, 138.20750427246094, 1.0, 1.0
137.5013427734375, 0.997262179851532, 0.9986683130264282, 136.55604553222656, 0.9939419031143188, 1.0
136.16973876953125, 0.9804283976554871, 0.9884842038154602, 137.29652404785156, 0.9736267924308777, 0.9834071397781372
134.85211181640625, 0.9701910614967346, 0.9826109409332275, 133.777587890625, 0.9556945562362671, 0.9806978106498718
133.56776428222656, 0.9565942287445068, 0.9762498736381531, 134.3423309326172, 0.9512350559234619, 0.9750179648399353
118.11738586425781, 0.7935101389884949, 0.9953871965408325, 151.66111755371094, 0.9698582887649536, 1.0
103.28780364990234, 0.6883279085159302, 0.9458228945732117, 99.72322845458984, 0.6378732323646545, 0.9141178727149963
95.00918579101562, 0.6244447231292725, 0.9006150960922241, 99.46002197265625, 0.59648597240448, 0.919503390789032
82.2103042602539, 0.5340776443481445, 0.8511480689048767, 93.79447937011719, 0.6037123203277588, 0.9155570864677429
69.22317504882812, 0.4512420892715454, 0.7986101508140564, 69.49898529052734, 0.44337499141693115, 0.8279598951339722
59.72028732299805, 0.3923742175102234, 0.7530391812324524, 55.8720588684082, 0.35186848044395447, 0.713832437992096
251.35065460205078, 0.33608245849609375, 0.7049418687820435, 59.52019500732422, 0.3843236267566681, 0.7856467962265015
45.01372146606445, 0.293817937374115, 0.6564645767211914, 41.33335494995117, 0.2692474126815796, 0.6003627777099609
39.820167541503906, 0.2595527470111847, 0.6203683614730835, 34.96824645996094, 0.22854691743850708, 0.5456928610801697
36.36518478393555, 0.2401050329208374, 0.5892655253410339, 31.19391441345215, 0.20681458711624146, 0.5156245827674866
33.3738899230957, 0.2198125720024109, 0.5545658469200134, 28.936941146850586, 0.1960410326719284, 0.4987128973007202
30.16708755493164, 0.19943837821483612, 0.520070493221283, 25.263717651367188, 0.17279759049415588, 0.4568232595920563
27.614538192749023, 0.1853899508714676, 0.49282827973365784, 25.690698623657227, 0.17222680151462555, 0.45160582661628723
25.947662353515625, 0.1744639128446579, 0.47260889410972595, 22.857345581054688, 0.15606509149074554, 0.4153422713279724
23.842971801757812, 0.1601736694574356, 0.4516061544418335, 21.081254959106445, 0.14112858474254608, 0.3851822316646576
22.117231369018555, 0.14874909818172455, 0.42827460169792175, 21.43254852294922, 0.14689220488071442, 0.39657869935035706
20.73984146118164, 0.13907796144485474, 0.4084838926792145, 20.715370178222656, 0.1395244151353836, 0.37505918741226196
19.30923080444336, 0.1299922913312912, 0.3895525634288788, 19.177358627319336, 0.12822237610816956, 0.3530856668949127
18.342864990234375, 0.12354691326618195, 0.3736833333969116, 19.220542907714844, 0.12802578508853912, 0.35281506180763245
16.943803787231445, 0.11507899314165115, 0.36048421263694763, 17.853059768676758, 0.12168852239847183, 0.34460628032684326
15.931626319885254, 0.10827616602182388, 0.3417995274066925, 25.33538055419922, 0.1622086614370346, 0.42899563908576965
15.106539726257324, 0.10437478125095367, 0.33180543780326843, 16.082332611083984, 0.10720356553792953, 0.31631946563720703
14.51462459564209, 0.09973011910915375, 0.3234475553035736, 16.076332092285156, 0.1058107540011406, 0.30560988187789917
13.157011985778809, 0.09024783968925476, 0.29945096373558044, 16.263166427612305, 0.1078847125172615, 0.30468058586120605
12.429582595825195, 0.08581408858299255, 0.2885420322418213, 15.028990745544434, 0.09819869697093964, 0.2806709110736847
11.641648292541504, 0.0789179876446724, 0.27263981103897095, 16.07284164428711, 0.10213886201381683, 0.2921391725540161
11.287531852722168, 0.07863214612007141, 0.2726576030254364, 14.473817825317383, 0.09614881873130798, 0.27943480014801025
10.674259185791016, 0.07420679181814194, 0.2579036056995392, 15.116869926452637, 0.09483280032873154, 0.27831730246543884
10.051766395568848, 0.07163387537002563, 0.2515115737915039, 14.666146278381348, 0.09382955729961395, 0.2776144742965698
10.244278907775879, 0.07371090352535248, 0.25680041313171387, 14.835498809814453, 0.09229034185409546, 0.26895684003829956
9.626241683959961, 0.0714072659611702, 0.24239888787269592, 13.315681457519531, 0.08378256112337112, 0.25152450799942017
9.2291259765625, 0.06520331650972366, 0.23177574574947357, 233.0865478515625, 0.7708544135093689, 0.9980770945549011
10.230066299438477, 0.07166911661624908, 0.2479289323091507, 6.115918159484863, 0.04346669092774391, 0.16360852122306824
12.593413352966309, 0.08819928020238876, 0.2895393669605255, 14.533086776733398, 0.10535280406475067, 0.31191733479499817
10.874232292175293, 0.0813266783952713, 0.25560981035232544, 6.083761215209961, 0.04494049400091171, 0.14911390841007233
8.367928504943848, 0.06259200721979141, 0.2139796018600464, 12.6034517288208, 0.09132140874862671, 0.2724660634994507
7.514633655548096, 0.053331077098846436, 0.19744287431240082, 5.7189040184021, 0.041909728199243546, 0.1472194641828537
8.760137557983398, 0.06324853003025055, 0.22542741894721985, 4.930746555328369, 0.03407963737845421, 0.12412101030349731
7.8193864822387695, 0.05760866031050682, 0.21013157069683075, 4.826958656311035, 0.03460705280303955, 0.12543152272701263
7.570803165435791, 0.05402963608503342, 0.1997503787279129, 16.885889053344727, 0.11101304739713669, 0.35861867666244507
6.975471496582031, 0.05228807032108307, 0.19400697946548462, 4.693140983581543, 0.03130243718624115, 0.11634310334920883
6.6864519119262695, 0.04973156377673149, 0.1865084320306778, 4.820303916931152, 0.03567725792527199, 0.12527261674404144
7.210056781768799, 0.05145871266722679, 0.1933193802833557, 234.45948791503906, 0.8258461952209473, 0.9922360181808472
6.351972579956055, 0.045856889337301254, 0.1737365424633026, 3.3795793056488037, 0.02732994593679905, 0.10184212774038315
5.944381237030029, 0.043121062219142914, 0.16621099412441254, 3.6623125076293945, 0.028349438682198524, 0.10843206197023392
5.624204635620117, 0.041688088327646255, 0.16074644029140472, 3.693410634994507, 0.027294674888253212, 0.09900756925344467
5.47062873840332, 0.04047738015651703, 0.16074858605861664, 3.3439958095550537, 0.026870273053646088, 0.1009511798620224
5.100133419036865, 0.03928539901971817, 0.15147791802883148, 4.1716766357421875, 0.03475506976246834, 0.11818873137235641
